DiagnosticsPlugin.exe Information: 0 : [2016-04-11 1:37:47 AM] Starting DiagnosticPlugin.exe DiagnosticPlugin-ShutdownEvent DiagnosticPlugin-TotalShutdownEvent -wadVer1v5
DiagnosticsPlugin.exe Error: 0 : [2016-04-11 1:37:47 AM] Failed to save IIS Directory state
DiagnosticsPlugin.exe Error: 0 : [2016-04-11 1:37:47 AM] System.Runtime.InteropServices.COMException (0x80040154): Retrieving the COM class factory for component with CLSID {2B72133B-3F5B-4602-8952-803546CE3344} failed due to the following error: 80040154 Class not registered (Exception from HRESULT: 0x80040154 (REGDB_E_CLASSNOTREG)).
   at System.Runtime.Remoting.RemotingServices.AllocateUninitializedObject(RuntimeType objectType)
   at System.Runtime.Remoting.Activation.ActivationServices.CreateInstance(RuntimeType serverType)
   at System.Runtime.Remoting.Activation.ActivationServices.IsCurrentContextOK(RuntimeType serverType, Object[] props, Boolean bNewObj)
   at System.RuntimeTypeHandle.CreateInstance(RuntimeType type, Boolean publicOnly, Boolean noCheck, Boolean& canBeCached, RuntimeMethodHandleInternal& ctor, Boolean& bNeedSecurityCheck)
   at System.RuntimeType.CreateInstanceSlow(Boolean publicOnly, Boolean skipCheckThis, Boolean fillCache, StackCrawlMark& stackMark)
   at System.Activator.CreateInstance[T]()
   at Microsoft.Web.Administration.ConfigurationManager.CreateAdminManager[TClass,TInterface](WebConfigurationMap webConfigMap, Boolean isAdminConfig)
   at Microsoft.Web.Administration.ConfigurationManager.CreateConfiguration(WebConfigurationMap configMap, String configPathToEdit, Boolean isAdminConfig)
   at Microsoft.Web.Administration.ConfigurationManager.GetConfiguration(String rawConfigurationPath, String cacheKey, Boolean isAdminConfig)
   at Microsoft.Web.Administration.ServerManager.get_SitesSection()
   at Microsoft.Web.Administration.ServerManager.get_Sites()
   at Microsoft.Azure.Plugins.Plugin.DiagnosticsPluginManager.SaveIISDirectoryState()
DiagnosticsPlugin.exe Information: 0 : [2016-04-11 1:37:47 AM] Starting DiagnosticsPlugin
DiagnosticsPlugin.exe Information: 0 : [2016-04-11 1:37:47 AM] Emulator config file set to C:\Users\Cameron\Documents\GitHub\ServiceApp\ServiceApp\csx\Debug\roles\SBQWorker\approot\diagnostics.wadcfgx
DiagnosticsPlugin.exe Information: 0 : [2016-04-11 1:37:47 AM] DiagnosticsStoreRootPath set to: C:\Users\Cameron\AppData\Local\dftmp\Resources\b571624e-4583-41a3-a5ec-6ee25a652345
DiagnosticsPlugin.exe Information: 0 : [2016-04-11 1:37:47 AM] Loading config file: C:\Users\Cameron\Documents\GitHub\ServiceApp\ServiceApp\csx\Debug\roles\SBQWorker\approot\diagnostics.wadcfgx
DiagnosticsPlugin.exe Information: 0 : [2016-04-11 1:37:47 AM] Config file to read: C:\Users\Cameron\Documents\GitHub\ServiceApp\ServiceApp\csx\Debug\roles\SBQWorker\approot\diagnostics.wadcfgx
DiagnosticsPlugin.exe Information: 0 : [2016-04-11 1:37:47 AM] Checking VM Type
DiagnosticsPlugin.exe Information: 0 : [2016-04-11 1:37:47 AM] Emulator config file set to C:\Users\Cameron\Documents\GitHub\ServiceApp\ServiceApp\csx\Debug\roles\SBQWorker\approot\diagnostics.wadcfgx
DiagnosticsPlugin.exe Information: 0 : [2016-04-11 1:37:47 AM] Extension set to Emulator Mode
DiagnosticsPlugin.exe Information: 0 : [2016-04-11 1:37:47 AM] Reading XML configuration file
DiagnosticsPlugin.exe Information: 0 : [2016-04-11 1:37:47 AM] Bypassing private config decryption
DiagnosticsPlugin.exe Information: 0 : [2016-04-11 1:37:47 AM] WadCfg is provided in initial configuration. Using that to initialize Diagnostics.
DiagnosticsPlugin.exe Information: 0 : [2016-04-11 1:37:47 AM] <PublicConfig xmlns="http://schemas.microsoft.com/ServiceHosting/2010/10/DiagnosticsConfiguration">
  <WadCfg>
    <DiagnosticMonitorConfiguration overallQuotaInMB="4096">
      <DiagnosticInfrastructureLogs scheduledTransferLogLevelFilter="Error" />
      <Logs scheduledTransferPeriod="PT1M" scheduledTransferLogLevelFilter="Error" />
      <Directories scheduledTransferPeriod="PT1M">
        <IISLogs containerName="wad-iis-logfiles" />
        <FailedRequestLogs containerName="wad-failedrequestlogs" />
      </Directories>
      <WindowsEventLog scheduledTransferPeriod="PT1M">
        <DataSource name="Application!*[System[(Level=1 or Level=2 or Level=3)]]" />
        <DataSource name="Windows Azure!*[System[(Level=1 or Level=2 or Level=3 or Level=4)]]" />
      </WindowsEventLog>
      <CrashDumps containerName="wad-crashdumps" dumpType="Mini">
        <CrashDumpConfiguration processName="WaIISHost.exe" />
        <CrashDumpConfiguration processName="WaWorkerHost.exe" />
        <CrashDumpConfiguration processName="w3wp.exe" />
      </CrashDumps>
      <PerformanceCounters scheduledTransferPeriod="PT1M">
        <PerformanceCounterConfiguration counterSpecifier="\Memory\Available MBytes" sampleRate="PT3M" />
        <PerformanceCounterConfiguration counterSpecifier="\Web Service(_Total)\ISAPI Extension Requests/sec" sampleRate="PT3M" />
        <PerformanceCounterConfiguration counterSpecifier="\Web Service(_Total)\Bytes Total/Sec" sampleRate="PT3M" />
        <PerformanceCounterConfiguration counterSpecifier="\ASP.NET Applications(__Total__)\Requests/Sec" sampleRate="PT3M" />
        <PerformanceCounterConfiguration counterSpecifier="\ASP.NET Applications(__Total__)\Errors Total/Sec" sampleRate="PT3M" />
        <PerformanceCounterConfiguration counterSpecifier="\ASP.NET\Requests Queued" sampleRate="PT3M" />
        <PerformanceCounterConfiguration counterSpecifier="\ASP.NET\Requests Rejected" sampleRate="PT3M" />
        <PerformanceCounterConfiguration counterSpecifier="\Processor(_Total)\% Processor Time" sampleRate="PT3M" />
      </PerformanceCounters>
    </DiagnosticMonitorConfiguration>
  </WadCfg>
  <StorageAccount>devstoreaccount1</StorageAccount>
</PublicConfig>
DiagnosticsPlugin.exe Information: 0 : [2016-04-11 1:37:47 AM] Private setting is loaded
DiagnosticsPlugin.exe Information: 0 : [2016-04-11 1:37:47 AM] Is config json/xml loaded
DiagnosticsPlugin.exe Information: 0 : [2016-04-11 1:37:48 AM] Successfully created checkpoint file C:\Users\Cameron\AppData\Local\dftmp\Resources\b571624e-4583-41a3-a5ec-6ee25a652345\WAD0105\Configuration\Checkpoint.txt
DiagnosticsPlugin.exe Information: 0 : [2016-04-11 1:37:48 AM] Will use local resource directory C:\Users\Cameron\AppData\Local\dftmp\Resources\b571624e-4583-41a3-a5ec-6ee25a652345\WAD0105
DiagnosticsPlugin.exe Information: 0 : [2016-04-11 1:37:48 AM] Will use endpoint https://core.windows.net for storage.
DiagnosticsPlugin.exe Information: 0 : [2016-04-11 1:37:48 AM] Exception in creating the ServerManager; is IIS installed?
 Error:System.Runtime.InteropServices.COMException (0x80040154): Retrieving the COM class factory for component with CLSID {2B72133B-3F5B-4602-8952-803546CE3344} failed due to the following error: 80040154 Class not registered (Exception from HRESULT: 0x80040154 (REGDB_E_CLASSNOTREG)).
   at System.Runtime.Remoting.RemotingServices.AllocateUninitializedObject(RuntimeType objectType)
   at System.Runtime.Remoting.Activation.ActivationServices.CreateInstance(RuntimeType serverType)
   at System.Runtime.Remoting.Activation.ActivationServices.IsCurrentContextOK(RuntimeType serverType, Object[] props, Boolean bNewObj)
   at System.RuntimeTypeHandle.CreateInstance(RuntimeType type, Boolean publicOnly, Boolean noCheck, Boolean& canBeCached, RuntimeMethodHandleInternal& ctor, Boolean& bNeedSecurityCheck)
   at System.RuntimeType.CreateInstanceSlow(Boolean publicOnly, Boolean skipCheckThis, Boolean fillCache, StackCrawlMark& stackMark)
   at System.Activator.CreateInstance[T]()
   at Microsoft.Web.Administration.ConfigurationManager.CreateAdminManager[TClass,TInterface](WebConfigurationMap webConfigMap, Boolean isAdminConfig)
   at Microsoft.Web.Administration.ConfigurationManager.CreateConfiguration(WebConfigurationMap configMap, String configPathToEdit, Boolean isAdminConfig)
   at Microsoft.Web.Administration.ConfigurationManager.GetConfiguration(String rawConfigurationPath, String cacheKey, Boolean isAdminConfig)
   at Microsoft.Web.Administration.ServerManager.get_SitesSection()
   at Microsoft.Web.Administration.ServerManager.get_Sites()
   at Microsoft.Azure.Plugins.Plugin.WadConfigProcessor.AddDirectories(EventsType mdsEvents, Directories wadDirectories)
DiagnosticsPlugin.exe Information: 0 : [2016-04-11 1:37:48 AM] Running in emulator mode, crash dumps not enabled
DiagnosticsPlugin.exe Information: 0 : [2016-04-11 1:37:48 AM] Checking to see if Application Insights extension needs to be configured.
DiagnosticsPlugin.exe Information: 0 : [2016-04-11 1:37:48 AM] In emulator mode and using devstore updating XStoreAccount info, command line args: -LocalPath "C:\Users\Cameron\AppData\Local\dftmp\Resources\b571624e-4583-41a3-a5ec-6ee25a652345\WAD0105"  -ConfigFile "C:\Users\Cameron\AppData\Local\dftmp\Resources\b571624e-4583-41a3-a5ec-6ee25a652345\WAD0105\Configuration\MaConfig.xml" -ShutDownEvent WADDM-ShutDown-127ac4a0b6164431921fcb6ce4c3f07d  -TotalShutDownEvent WADDM-TotalShutDown-127ac4a0b6164431921fcb6ce4c3f07d -InitializedEvent WADM-StartUp-127ac4a0b6164431921fcb6ce4c3f07d -parent 15736 -events -wadVer1v5 -UseProxyServer -XStoreAccounts WadAccount#true#devstoreaccount1#Eby8vdM02xNOcqFlqUwJPLlmEtlCDXJ1OUzFT50uSRZ6IFsuFq2UVErCz4I6tq/K1SZFPTOtr/KBHBeksoGMGw==#http://127.0.0.1:10002#http://127.0.0.1:10001#http://127.0.0.1:10000
DiagnosticsPlugin.exe Information: 0 : [2016-04-11 1:38:48 AM] MonAgentHost.exe started
DiagnosticsPlugin.exe Information: 0 : [2016-04-11 1:38:48 AM] DiagnoticsPlugin started.
DiagnosticsPlugin.exe Information: 0 : [2016-04-11 1:38:48 AM] DiagnoticsPlugin now waiting on events "DiagnosticPlugin-ShutdownEvent", "DiagnosticPlugin-TotalShutdownEvent" or "DiagnosticPlugin-RestartEvent".
